0 info it worked if it ends with ok
1 verbose cli [ 'C:\\Program Files\\nodejs\\node.exe',
1 verbose cli   'C:\\Program Files\\nodejs\\node_modules\\npm\\bin\\npm-cli.js',
1 verbose cli   'run',
1 verbose cli   'ServerTStoJS5' ]
2 info using npm@3.8.6
3 info using node@v6.0.0
4 verbose run-script [ 'preServerTStoJS5', 'ServerTStoJS5', 'postServerTStoJS5' ]
5 info lifecycle clase08@1.0.0~preServerTStoJS5: clase08@1.0.0
6 silly lifecycle clase08@1.0.0~preServerTStoJS5: no script for preServerTStoJS5, continuing
7 info lifecycle clase08@1.0.0~ServerTStoJS5: clase08@1.0.0
8 verbose lifecycle clase08@1.0.0~ServerTStoJS5: unsafe-perm in lifecycle true
9 verbose lifecycle clase08@1.0.0~ServerTStoJS5: PATH: C:\Users\Ayelen\AppData\Roaming\nvm\v6.0.0\node_modules\npm\bin\node-gyp-bin;C:\Users\Ayelen\Desktop\ASAP\Cursos\CursoCoderHouse\BackendCoderHouse\ProyectoClases\CursoBackend\node_modules\.bin;C:\Program Files\nodejs;C:\Program Files (x86)\RSA SecurID Token Common;C:\Program Files\RSA SecurID Token Common;C:\Program Files (x86)\Common Files\Oracle\Java\javapath;C:\WINDOWS\system32;C:\WINDOWS;C:\WINDOWS\System32\Wbem;C:\WINDOWS\System32\WindowsPowerShell\v1.0\;C:\WINDOWS\System32\OpenSSH\;C:\Program Files\apache-maven-3.6.3\bin;C:\Program Files\Java\jdk1.8.0_261\bin;C:\Program Files\php;C:\ProgramData\ComposerSetup\bin;C:\Program Files (x86)\Microsoft.NET;C:\Program Files\Go\bin;C:\ProgramData\chocolatey\bin;C:\Program Files\dotnet\;C:\Program Files\Git\cmd;C:\Users\Ayelen\AppData\Roaming\nvm;C:\Program Files\nodejs;C:\Program Files\TortoiseSVN\bin;C:\Program Files\MongoDB\Server\4.4\bin;C:\Program Files\RSA SecurID Token Common\;C:\Users\Ayelen\AppData\Local\Programs\Microsoft VS Code\bin;C:\Users\Ayelen\AppData\Local\GitHubDesktop\bin;%USERPROFILE%\AppData\Local\Microsoft\WindowsApps;
10 verbose lifecycle clase08@1.0.0~ServerTStoJS5: CWD: C:\Users\Ayelen\Desktop\ASAP\Cursos\CursoCoderHouse\BackendCoderHouse\ProyectoClases\CursoBackend
11 silly lifecycle clase08@1.0.0~ServerTStoJS5: Args: [ '/d /s /c', 'tsc -w' ]
12 silly lifecycle clase08@1.0.0~ServerTStoJS5: Returned: code: 1  signal: null
13 info lifecycle clase08@1.0.0~ServerTStoJS5: Failed to exec ServerTStoJS5 script
14 verbose stack Error: clase08@1.0.0 ServerTStoJS5: `tsc -w`
14 verbose stack Exit status 1
14 verbose stack     at EventEmitter.<anonymous> (C:\Users\Ayelen\AppData\Roaming\nvm\v6.0.0\node_modules\npm\lib\utils\lifecycle.js:239:16)
14 verbose stack     at emitTwo (events.js:106:13)
14 verbose stack     at EventEmitter.emit (events.js:191:7)
14 verbose stack     at ChildProcess.<anonymous> (C:\Users\Ayelen\AppData\Roaming\nvm\v6.0.0\node_modules\npm\lib\utils\spawn.js:24:14)
14 verbose stack     at emitTwo (events.js:106:13)
14 verbose stack     at ChildProcess.emit (events.js:191:7)
14 verbose stack     at maybeClose (internal/child_process.js:850:16)
14 verbose stack     at Process.ChildProcess._handle.onexit (internal/child_process.js:215:5)
15 verbose pkgid clase08@1.0.0
16 verbose cwd C:\Users\Ayelen\Desktop\ASAP\Cursos\CursoCoderHouse\BackendCoderHouse\ProyectoClases\CursoBackend
17 error Windows_NT 10.0.19042
18 error argv "C:\\Program Files\\nodejs\\node.exe" "C:\\Program Files\\nodejs\\node_modules\\npm\\bin\\npm-cli.js" "run" "ServerTStoJS5"
19 error node v6.0.0
20 error npm  v3.8.6
21 error code ELIFECYCLE
22 error clase08@1.0.0 ServerTStoJS5: `tsc -w`
22 error Exit status 1
23 error Failed at the clase08@1.0.0 ServerTStoJS5 script 'tsc -w'.
23 error Make sure you have the latest version of node.js and npm installed.
23 error If you do, this is most likely a problem with the clase08 package,
23 error not with npm itself.
23 error Tell the author that this fails on your system:
23 error     tsc -w
23 error You can get information on how to open an issue for this project with:
23 error     npm bugs clase08
23 error Or if that isn't available, you can get their info via:
23 error     npm owner ls clase08
23 error There is likely additional logging output above.
24 verbose exit [ 1, true ]
